<?xml version="1.0" encoding="UTF-8"?>
<!-- Generated by org.testng.reporters.JUnitReportReporter -->
<testsuite hostname="LAPTOP-HRRT22VK" failures="0" tests="3" name="TestNG.Information_command" time="1.185" errors="0" timestamp="2021-04-03T09:03:59 IST" skipped="0">
  <testcase classname="TestNG.Information_command" name="Gmail" time="0.201"/>
  <system-out/>
  <testcase classname="TestNG.Information_command" name="google_image" time="0.086"/>
  <system-out/>
  <testcase classname="TestNG.Information_command" name="searchbutton" time="0.898"/>
  <system-out/>
</testsuite> <!-- TestNG.Information_command -->
