<?xml version="1.0" encoding="UTF-8"?>
<!-- Generated by org.testng.reporters.JUnitReportReporter -->
<testsuite hostname="LAPTOP-HRRT22VK" failures="0" tests="1" name="TestNG.Popup_window" time="19.162" errors="0" timestamp="2021-03-26T14:42:46 IST" skipped="0">
  <testcase classname="TestNG.Popup_window" name="windowpopup" time="19.162"/>
  <system-out/>
</testsuite> <!-- TestNG.Popup_window -->
