<?xml version="1.0" encoding="UTF-8"?>
<!-- Generated by org.testng.reporters.JUnitReportReporter -->
<testsuite hostname="LAPTOP-HRRT22VK" failures="0" tests="1" name="TestNG.Login" time="0.569" errors="0" timestamp="2021-03-19T08:44:08 IST" skipped="0">
  <testcase classname="TestNG.Login" name="login" time="0.569"/>
  <system-out/>
</testsuite> <!-- TestNG.Login -->
