<?xml version="1.0" encoding="UTF-8"?>
<!-- Generated by org.testng.reporters.JUnitReportReporter -->
<testsuite hostname="LAPTOP-HRRT22VK" failures="0" tests="1" name="TestNG.Boolean" time="0.753" errors="0" timestamp="2021-04-06T09:08:03 IST" skipped="0">
  <testcase classname="TestNG.Boolean" name="Options" time="0.753"/>
  <system-out/>
</testsuite> <!-- TestNG.Boolean -->
