<?xml version="1.0" encoding="UTF-8"?>
<!-- Generated by org.testng.reporters.JUnitReportReporter -->
<testsuite hostname="LAPTOP-HRRT22VK" failures="0" tests="1" name="TestNG.Alert" time="10.213" errors="0" timestamp="2021-03-25T07:30:24 IST" skipped="0">
  <testcase classname="TestNG.Alert" name="Alert" time="10.213"/>
  <system-out/>
</testsuite> <!-- TestNG.Alert -->
