<?xml version="1.0" encoding="UTF-8"?>
<!-- Generated by org.testng.reporters.JUnitReportReporter -->
<testsuite hostname="LAPTOP-HRRT22VK" failures="0" tests="1" name="TestNG.Validation" time="0.549" errors="0" timestamp="2021-04-02T07:57:34 IST" skipped="0">
  <testcase classname="TestNG.Validation" name="Values_Validation" time="0.549"/>
  <system-out/>
</testsuite> <!-- TestNG.Validation -->
