<?xml version="1.0" encoding="UTF-8"?>
<!-- Generated by org.testng.reporters.JUnitReportReporter -->
<testsuite hostname="LAPTOP-HRRT22VK" failures="0" tests="1" name="TestNG.Optionvalidations" time="0.519" errors="0" timestamp="2021-04-05T10:23:00 IST" skipped="0">
  <testcase classname="TestNG.Optionvalidations" name="Options" time="0.519"/>
  <system-out/>
</testsuite> <!-- TestNG.Optionvalidations -->
